<?xml version="1.0" encoding="UTF-8"?>
<!-- Generated by org.testng.reporters.JUnitReportReporter -->
<testsuite hostname="EZPZTAXES-PC" name="home.Search" tests="1" failures="0" timestamp="24 Aug 2014 19:28:12 GMT" time="42.042" errors="0">
  <testcase name="searchBox" time="42.042" classname="home.Search"/>
</testsuite> <!-- home.Search -->
